<?xml version="1.0" encoding="utf-8"?><testsuites name="pytest tests"><testsuite name="pytest" errors="0" failures="0" skipped="0" tests="25" time="92.987" timestamp="2026-04-16T14:48:56.462038+00:00" hostname="agent-env-cf33bc12-3a8a-4da6-b59c-f9c5e34ac853"><testcase classname="backend.tests.test_payments_api.TestPaymentCreateOrder" name="test_create_order_returns_correct_structure" time="0.425" /><testcase classname="backend.tests.test_payments_api.TestPaymentCreateOrder" name="test_create_order_without_session_id" time="0.416" /><testcase classname="backend.tests.test_payments_api.TestPaymentCreateOrder" name="test_create_order_generates_unique_order_ids" time="1.189" /><testcase classname="backend.tests.test_payments_api.TestPaymentVerify" name="test_verify_rejects_invalid_signature" time="0.116" /><testcase classname="backend.tests.test_payments_api.TestPaymentVerify" name="test_verify_requires_all_fields" time="0.344" /><testcase classname="backend.tests.test_payments_api.TestPaymentVerify" name="test_verify_with_empty_signature" time="0.121" /><testcase classname="backend.tests.test_payments_api.TestPaymentStatus" name="test_status_returns_is_premium_false_for_unpaid" time="0.126" /><testcase classname="backend.tests.test_payments_api.TestPaymentStatus" name="test_status_returns_is_premium_false_for_nonexistent_session" time="0.117" /><testcase classname="backend.tests.test_payments_api.TestPaymentStatus" name="test_status_after_order_creation_still_unpaid" time="0.571" /><testcase classname="backend.tests.test_payments_api.TestPaymentIntegrationFlow" name="test_full_payment_flow_order_creation" time="0.799" /><testcase classname="backend.tests.test_chat_api.TestHealthEndpoint" name="test_health_check" time="0.134" /><testcase classname="backend.tests.test_chat_api.TestChatMessageBasic" name="test_chat_message_without_session_id" time="1.528" /><testcase classname="backend.tests.test_chat_api.TestChatMessageBasic" name="test_chat_message_with_session_id" time="1.731" /><testcase classname="backend.tests.test_chat_api.TestChatMessageBasic" name="test_chat_message_empty_message" time="0.106" /><testcase classname="backend.tests.test_chat_api.TestChatMessageBasic" name="test_chat_message_whitespace_only" time="0.115" /><testcase classname="backend.tests.test_chat_api.TestStagedFlowDiscoveredVendors" name="test_search_returns_discovered_vendors" time="11.088" /><testcase classname="backend.tests.test_chat_api.TestStagedFlowDiscoveredVendors" name="test_discovered_vendors_have_address" time="11.815" /><testcase classname="backend.tests.test_chat_api.TestStagedFlowProgressStates" name="test_progress_states_include_vendor_contacts" time="11.537" /><testcase classname="backend.tests.test_chat_api.TestStagedFlowProgressStates" name="test_progress_states_structure" time="12.404" /><testcase classname="backend.tests.test_chat_api.TestSearchResultsStructure" name="test_results_have_required_fields" time="11.572" /><testcase classname="backend.tests.test_chat_api.TestSearchResultsStructure" name="test_results_ranking_order" time="13.656" /><testcase classname="backend.tests.test_chat_api.TestSearchMetadata" name="test_search_metadata_structure" time="10.030" /><testcase classname="backend.tests.test_chat_api.TestConversationalFlow" name="test_partial_query_asks_for_location" time="1.362" /><testcase classname="backend.tests.test_chat_api.TestChatResetEndpoint" name="test_reset_existing_session" time="1.471" /><testcase classname="backend.tests.test_chat_api.TestChatResetEndpoint" name="test_reset_nonexistent_session" time="0.112" /></testsuite></testsuites>