<?xml version="1.0" encoding="utf-8"?><testsuites name="pytest tests"><testsuite name="pytest" errors="0" failures="0" skipped="0" tests="14" time="35.174" timestamp="2026-04-16T13:07:09.853445+00:00" hostname="agent-env-cf33bc12-3a8a-4da6-b59c-f9c5e34ac853"><testcase classname="tests.test_chat_api.TestHealthEndpoint" name="test_health_check" time="0.179" /><testcase classname="tests.test_chat_api.TestChatMessageEndpoint" name="test_chat_message_without_session_id" time="1.211" /><testcase classname="tests.test_chat_api.TestChatMessageEndpoint" name="test_chat_message_with_session_id" time="1.689" /><testcase classname="tests.test_chat_api.TestChatMessageEndpoint" name="test_chat_message_empty_message" time="0.120" /><testcase classname="tests.test_chat_api.TestChatMessageEndpoint" name="test_chat_message_whitespace_only" time="0.133" /><testcase classname="tests.test_chat_api.TestChatMessageEndpoint" name="test_chat_message_triggers_search" time="3.597" /><testcase classname="tests.test_chat_api.TestChatMessageEndpoint" name="test_conversational_flow_asks_for_location" time="3.451" /><testcase classname="tests.test_chat_api.TestChatResetEndpoint" name="test_reset_existing_session" time="1.397" /><testcase classname="tests.test_chat_api.TestChatResetEndpoint" name="test_reset_nonexistent_session" time="0.124" /><testcase classname="tests.test_chat_api.TestChatResetEndpoint" name="test_reset_without_session_id" time="0.143" /><testcase classname="tests.test_chat_api.TestSearchResultsStructure" name="test_results_have_required_fields" time="5.606" /><testcase classname="tests.test_chat_api.TestSearchResultsStructure" name="test_results_ranking_order" time="6.285" /><testcase classname="tests.test_chat_api.TestSearchResultsStructure" name="test_confidence_scores_valid" time="5.763" /><testcase classname="tests.test_chat_api.TestProgressStates" name="test_progress_states_structure" time="5.395" /></testsuite></testsuites>